mode: set
ecommerce/features/product/services/service.go:19.56,24.2 1 1
ecommerce/features/product/services/service.go:26.120,29.17 2 0
ecommerce/features/product/services/service.go:32.2,33.16 2 0
ecommerce/features/product/services/service.go:40.2,40.24 1 0
ecommerce/features/product/services/service.go:44.2,45.16 2 0
ecommerce/features/product/services/service.go:49.2,49.32 1 0
ecommerce/features/product/services/service.go:52.2,56.16 4 0
ecommerce/features/product/services/service.go:60.2,64.16 3 0
ecommerce/features/product/services/service.go:73.2,75.17 2 0
ecommerce/features/product/services/service.go:29.17,31.3 1 0
ecommerce/features/product/services/service.go:33.16,34.59 1 0
ecommerce/features/product/services/service.go:37.3,37.53 1 0
ecommerce/features/product/services/service.go:34.59,36.4 1 0
ecommerce/features/product/services/service.go:40.24,42.3 1 0
ecommerce/features/product/services/service.go:45.16,47.3 1 0
ecommerce/features/product/services/service.go:49.32,51.3 1 0
ecommerce/features/product/services/service.go:56.16,58.3 1 0
ecommerce/features/product/services/service.go:64.16,66.49 2 0
ecommerce/features/product/services/service.go:71.3,71.41 1 0
ecommerce/features/product/services/service.go:66.49,68.4 1 0
ecommerce/features/product/services/service.go:68.9,70.4 1 0
ecommerce/features/product/services/service.go:78.75,80.16 2 0
ecommerce/features/product/services/service.go:90.2,90.17 1 0
ecommerce/features/product/services/service.go:80.16,82.49 2 0
ecommerce/features/product/services/service.go:87.3,87.41 1 0
ecommerce/features/product/services/service.go:82.49,84.4 1 0
ecommerce/features/product/services/service.go:84.9,86.4 1 0
ecommerce/features/product/services/service.go:93.61,95.16 2 0
ecommerce/features/product/services/service.go:104.2,104.17 1 0
ecommerce/features/product/services/service.go:95.16,97.49 2 0
ecommerce/features/product/services/service.go:102.3,102.43 1 0
ecommerce/features/product/services/service.go:97.49,99.4 1 0
ecommerce/features/product/services/service.go:99.9,101.4 1 0
ecommerce/features/product/services/service.go:107.143,110.13 2 0
ecommerce/features/product/services/service.go:114.2,114.24 1 0
ecommerce/features/product/services/service.go:118.2,119.16 2 0
ecommerce/features/product/services/service.go:123.2,123.32 1 0
ecommerce/features/product/services/service.go:126.2,130.16 4 0
ecommerce/features/product/services/service.go:134.2,138.16 3 0
ecommerce/features/product/services/service.go:149.2,152.17 3 0
ecommerce/features/product/services/service.go:110.13,112.3 1 0
ecommerce/features/product/services/service.go:114.24,116.3 1 0
ecommerce/features/product/services/service.go:119.16,121.3 1 0
ecommerce/features/product/services/service.go:123.32,125.3 1 0
ecommerce/features/product/services/service.go:130.16,132.3 1 0
ecommerce/features/product/services/service.go:138.16,140.49 2 0
ecommerce/features/product/services/service.go:147.3,147.41 1 0
ecommerce/features/product/services/service.go:140.49,142.4 1 0
ecommerce/features/product/services/service.go:142.9,142.59 1 0
ecommerce/features/product/services/service.go:142.59,144.4 1 0
ecommerce/features/product/services/service.go:144.9,146.4 1 0
ecommerce/features/product/services/service.go:155.71,158.13 2 1
ecommerce/features/product/services/service.go:162.2,164.16 2 1
ecommerce/features/product/services/service.go:169.2,169.12 1 1
ecommerce/features/product/services/service.go:158.13,160.3 1 1
ecommerce/features/product/services/service.go:164.16,167.3 2 1
